<?xml version="1.0" encoding="UTF-8" ?>
<testsuite tests="3" failures="0" name="in.javahome.myweb.controller.CalculatorTest" time="0.024" errors="0" skipped="0">
  <properties>
[...]
</properties>
  <testcase classname="in.javahome.myweb.controller.CalculatorTest" name="testMultiply" time="0.003"/>
  <testcase classname="in.javahome.myweb.controller.CalculatorTest" name="testAdd" time="0.021"/>
  <testcase classname="in.javahome.myweb.controller.CalculatorTest" name="testAddNew" time="0"/>
</testsuite>